<?xml version="1.0" encoding="UTF-8" ?>
<testsuite tests="9" failures="0" name="test.Test" time="58.026" errors="0" skipped="0">
  <properties>
[...]
</properties>
  <testcase classname="test.Test" name="residenciasMusicas" time="8.521"/>
  <testcase classname="test.Test" name="residenciasObras" time="5.642"/>
  <testcase classname="test.Test" name="viaPublicaObras" time="6.226"/>
  <testcase classname="test.Test" name="viaPublicaBailePancadao" time="5.361"/>
  <testcase classname="test.Test" name="residenciasFestas" time="5.483"/>
  <testcase classname="test.Test" name="residenciasOutros" time="7.295"/>
  <testcase classname="test.Test" name="viaPublicaCriancas" time="5.172"/>
  <testcase classname="test.Test" name="viaPublicaAglomeracaoDePessoas" time="5.39"/>
  <testcase classname="test.Test" name="viaPublicaAparelhodeSom" time="8.936"/>
</testsuite>