<?xml version="1.0" encoding="UTF-8" ?>
<testsuite tests="9" failures="0" name="test.Test" time="73.845" errors="0" skipped="0">
  <properties>
[...]
</properties>
  <testcase classname="test.Test" name="residenciasMusicas" time="9.02"/>
  <testcase classname="test.Test" name="residenciasObras" time="7.258"/>
  <testcase classname="test.Test" name="viaPublicaObras" time="8.65"/>
  <testcase classname="test.Test" name="viaPublicaBailePancadao" time="7.072"/>
  <testcase classname="test.Test" name="residenciasFestas" time="8.505"/>
  <testcase classname="test.Test" name="residenciasOutros" time="8.588"/>
  <testcase classname="test.Test" name="viaPublicaCriancas" time="7.295"/>
  <testcase classname="test.Test" name="viaPublicaAglomeracaoDePessoas" time="8.103"/>
  <testcase classname="test.Test" name="viaPublicaAparelhodeSom" time="9.354"/>
</testsuite>